<?xml version="1.0" encoding="UTF-8"?>
<testng-results ignored="0" total="1" passed="1" failed="0" skipped="0">
  <reporter-output>
  </reporter-output>
  <suite started-at="2024-12-10T13:27:09 IST" name="Suite" finished-at="2024-12-10T13:27:15 IST" duration-ms="6205">
    <groups>
    </groups>
    <test started-at="2024-12-10T13:27:09 IST" name="Test" finished-at="2024-12-10T13:27:15 IST" duration-ms="6205">
      <class name="tests.login">
        <test-method signature="goUrl()[pri:0, instance:tests.login@515c6049]" started-at="2024-12-10T13:27:09 IST" name="goUrl" finished-at="2024-12-10T13:27:15 IST" duration-ms="6147" status="PASS">
          <reporter-output>
          </reporter-output>
        </test-method> <!-- goUrl -->
      </class> <!-- tests.login -->
    </test> <!-- Test -->
  </suite> <!-- Suite -->
</testng-results>
